mode: atomic
digital.vasic.lazy/pkg/lazy/lazy.go:24.58,28.2 1 34
digital.vasic.lazy/pkg/lazy/lazy.go:31.37,32.19 1 367
digital.vasic.lazy/pkg/lazy/lazy.go:32.19,34.3 1 57
digital.vasic.lazy/pkg/lazy/lazy.go:35.2,35.23 1 367
digital.vasic.lazy/pkg/lazy/lazy.go:39.32,41.16 2 8
digital.vasic.lazy/pkg/lazy/lazy.go:41.16,42.13 1 3
digital.vasic.lazy/pkg/lazy/lazy.go:44.2,44.12 1 5
digital.vasic.lazy/pkg/lazy/lazy.go:48.28,50.2 1 26
digital.vasic.lazy/pkg/lazy/lazy.go:61.60,65.2 1 17
digital.vasic.lazy/pkg/lazy/lazy.go:68.39,69.19 1 165
digital.vasic.lazy/pkg/lazy/lazy.go:69.19,71.3 1 15
digital.vasic.lazy/pkg/lazy/lazy.go:72.2,72.29 1 165
digital.vasic.lazy/pkg/lazy/lazy.go:76.41,78.2 1 112
